# JRE version: OpenJDK Runtime Environment Microsoft-8035246 (17.0.8+7) (build 17.0.8+7-LTS)
# Java VM: OpenJDK 64-Bit Server VM Microsoft-8035246 (17.0.8+7-LTS, mixed mode, sharing, tiered, compressed oops, compressed class ptrs, g1 gc, windows-amd64)
GC Precious Log:
 CPUs: 8 total, 8 available
 Memory: 8151M
 Large Page Support: Disabled
 NUMA Support: Disabled
 Compressed Oops: Enabled (32-bit)
 Heap Region Size: 1M
 Heap Min Capacity: 8M
 Heap Initial Capacity: 128M
 Heap Max Capacity: 2G
 Pre-touch: Disabled
 Parallel Workers: 8
 Concurrent Workers: 2
 Concurrent Refinement Workers: 8
 Periodic GC: Disabled
Heap:
 garbage-first heap   total 239616K, used 193686K [0x0000000080000000, 0x0000000100000000)
  region size 1024K, 43 young (44032K), 7 survivors (7168K)
 Metaspace       used 99631K, committed 100608K, reserved 557056K
  class space    used 13949K, committed 14400K, reserved 425984K
GC Heap History (20 events):
Event: 29.648 GC heap before
{Heap before GC invocations=64 (full 0):
 garbage-first heap   total 165888K, used 140987K [0x0000000080000000, 0x0000000100000000)
  region size 1024K, 8 young (8192K), 1 survivors (1024K)
 Metaspace       used 89310K, committed 90176K, reserved 557056K
  class space    used 12589K, committed 12992K, reserved 425984K
}
Event: 29.651 GC heap after
{Heap after GC invocations=65 (full 0):
 garbage-first heap   total 199680K, used 134220K [0x0000000080000000, 0x0000000100000000)
  region size 1024K, 1 young (1024K), 1 survivors (1024K)
 Metaspace       used 89310K, committed 90176K, reserved 557056K
  class space    used 12589K, committed 12992K, reserved 425984K
}
Event: 30.040 GC heap before
{Heap before GC invocations=65 (full 0):
 garbage-first heap   total 199680K, used 162892K [0x0000000080000000, 0x0000000100000000)
  region size 1024K, 29 young (29696K), 1 survivors (1024K)
 Metaspace       used 90296K, committed 91200K, reserved 557056K
  class space    used 12699K, committed 13120K, reserved 425984K
}
Event: 30.047 GC heap after
{Heap after GC invocations=66 (full 0):
 garbage-first heap   total 199680K, used 136939K [0x0000000080000000, 0x0000000100000000)
  region size 1024K, 4 young (4096K), 4 survivors (4096K)
 Metaspace       used 90296K, committed 91200K, reserved 557056K
  class space    used 12699K, committed 13120K, reserved 425984K
}
Event: 30.457 GC heap before
{Heap before GC invocations=66 (full 0):
 garbage-first heap   total 199680K, used 164587K [0x0000000080000000, 0x0000000100000000)
  region size 1024K, 31 young (31744K), 4 survivors (4096K)
 Metaspace       used 92412K, committed 93376K, reserved 557056K
  class space    used 13017K, committed 13440K, reserved 425984K
}
Event: 30.462 GC heap after
{Heap after GC invocations=67 (full 0):
 garbage-first heap   total 199680K, used 138124K [0x0000000080000000, 0x0000000100000000)
  region size 1024K, 2 young (2048K), 2 survivors (2048K)
 Metaspace       used 92412K, committed 93376K, reserved 557056K
  class space    used 13017K, committed 13440K, reserved 425984K
}
Event: 30.990 GC heap before
{Heap before GC invocations=67 (full 0):
 garbage-first heap   total 199680K, used 166796K [0x0000000080000000, 0x0000000100000000)
  region size 1024K, 30 young (30720K), 2 survivors (2048K)
 Metaspace       used 95439K, committed 96320K, reserved 557056K
  class space    used 13427K, committed 13824K, reserved 425984K
}
Event: 30.995 GC heap after
{Heap after GC invocations=68 (full 0):
 garbage-first heap   total 199680K, used 139481K [0x0000000080000000, 0x0000000100000000)
  region size 1024K, 3 young (3072K), 3 survivors (3072K)
 Metaspace       used 95439K, committed 96320K, reserved 557056K
  class space    used 13427K, committed 13824K, reserved 425984K
}
Event: 31.592 GC heap before
{Heap before GC invocations=68 (full 0):
 garbage-first heap   total 199680K, used 168153K [0x0000000080000000, 0x0000000100000000)
  region size 1024K, 31 young (31744K), 3 survivors (3072K)
 Metaspace       used 96600K, committed 97536K, reserved 557056K
  class space    used 13575K, committed 14016K, reserved 425984K
}
Event: 31.597 GC heap after
{Heap after GC invocations=69 (full 0):
 garbage-first heap   total 199680K, used 142068K [0x0000000080000000, 0x0000000100000000)
  region size 1024K, 4 young (4096K), 4 survivors (4096K)
 Metaspace       used 96600K, committed 97536K, reserved 557056K
  class space    used 13575K, committed 14016K, reserved 425984K
}
Event: 31.941 GC heap before
{Heap before GC invocations=69 (full 0):
 garbage-first heap   total 199680K, used 169716K [0x0000000080000000, 0x0000000100000000)
  region size 1024K, 31 young (31744K), 4 survivors (4096K)
 Metaspace       used 97594K, committed 98560K, reserved 557056K
  class space    used 13695K, committed 14144K, reserved 425984K
}
Event: 31.947 GC heap after
{Heap after GC invocations=70 (full 0):
 garbage-first heap   total 199680K, used 145600K [0x0000000080000000, 0x0000000100000000)
  region size 1024K, 4 young (4096K), 4 survivors (4096K)
 Metaspace       used 97594K, committed 98560K, reserved 557056K
  class space    used 13695K, committed 14144K, reserved 425984K
}
Event: 32.236 GC heap before
{Heap before GC invocations=70 (full 0):
 garbage-first heap   total 199680K, used 170176K [0x0000000080000000, 0x0000000100000000)
  region size 1024K, 28 young (28672K), 4 survivors (4096K)
 Metaspace       used 97845K, committed 98752K, reserved 557056K
  class space    used 13708K, committed 14144K, reserved 425984K
}
Event: 32.240 GC heap after
{Heap after GC invocations=71 (full 0):
 garbage-first heap   total 199680K, used 148102K [0x0000000080000000, 0x0000000100000000)
  region size 1024K, 3 young (3072K), 3 survivors (3072K)
 Metaspace       used 97845K, committed 98752K, reserved 557056K
  class space    used 13708K, committed 14144K, reserved 425984K
}
Event: 32.426 GC heap before
{Heap before GC invocations=71 (full 0):
 garbage-first heap   total 199680K, used 170630K [0x0000000080000000, 0x0000000100000000)
  region size 1024K, 25 young (25600K), 3 survivors (3072K)
 Metaspace       used 98250K, committed 99200K, reserved 557056K
  class space    used 13753K, committed 14208K, reserved 425984K
}
Event: 32.432 GC heap after
{Heap after GC invocations=72 (full 0):
 garbage-first heap   total 239616K, used 150919K [0x0000000080000000, 0x0000000100000000)
  region size 1024K, 3 young (3072K), 3 survivors (3072K)
 Metaspace       used 98250K, committed 99200K, reserved 557056K
  class space    used 13753K, committed 14208K, reserved 425984K
}
Event: 33.190 GC heap before
{Heap before GC invocations=72 (full 0):
 garbage-first heap   total 239616K, used 199047K [0x0000000080000000, 0x0000000100000000)
  region size 1024K, 51 young (52224K), 3 survivors (3072K)
 Metaspace       used 99204K, committed 100096K, reserved 557056K
  class space    used 13898K, committed 14336K, reserved 425984K
}
Event: 33.196 GC heap after
{Heap after GC invocations=73 (full 0):
 garbage-first heap   total 239616K, used 153101K [0x0000000080000000, 0x0000000100000000)
  region size 1024K, 6 young (6144K), 6 survivors (6144K)
 Metaspace       used 99204K, committed 100096K, reserved 557056K
  class space    used 13898K, committed 14336K, reserved 425984K
}
Event: 33.764 GC heap before
{Heap before GC invocations=73 (full 0):
 garbage-first heap   total 239616K, used 200205K [0x0000000080000000, 0x0000000100000000)
  region size 1024K, 53 young (54272K), 6 survivors (6144K)
 Metaspace       used 99625K, committed 100608K, reserved 557056K
  class space    used 13947K, committed 14400K, reserved 425984K
}
Event: 33.773 GC heap after
{Heap after GC invocations=74 (full 0):
 garbage-first heap   total 239616K, used 157846K [0x0000000080000000, 0x0000000100000000)
  region size 1024K, 7 young (7168K), 7 survivors (7168K)
 Metaspace       used 99625K, committed 100608K, reserved 557056K
  class space    used 13947K, committed 14400K, reserved 425984K
}

